<?xml version="1.0" encoding="UTF-8"?>
<testsuite name="com.survey.app.server.service.UserAccessDomainTestCase" tests="4" skipped="0" failures="0" errors="0" timestamp="2015-11-19T14:38:07" hostname="944ed2888ca3" time="1.733">
  <properties/>
  <testcase name="test1Save" classname="com.survey.app.server.service.UserAccessDomainTestCase" time="0.528"/>
  <testcase name="test2Update" classname="com.survey.app.server.service.UserAccessDomainTestCase" time="0.679"/>
  <testcase name="test3FindById" classname="com.survey.app.server.service.UserAccessDomainTestCase" time="0.012"/>
  <testcase name="test4Delete" classname="com.survey.app.server.service.UserAccessDomainTestCase" time="0.511"/>
  <system-out><![CDATA[Setting logged in user info for ADD
In around repository aspect
[EL Fine]: sql: 2015-11-19 14:38:07.467--ClientSession(1900887455)--Connection(1378207123)--Thread(Thread[Test worker,5,main])--INSERT INTO ast_UserAccessDomain_M (userAccessDomainId, domainDescription, domainHelp, domainIcon, domainName, userAccessDomain, versionId, createdBy, createdDate, updatedBy, updatedDate, activeStatus, txnAccessCode) VALUES (?, ?, ?, ?, ?, ?, ?, ?, ?, ?, ?, ?, ?)
	bind => [3CEA3066-6CA7-473D-AF10-6A15D783B804, Wg4KLKir3sK7dzbN36FW2QvK5AinjQG9hSd1aC7pcKuc7Yj7zm, ddA6MMcnWVd0iPjRQIiBXd2LNhAhfc1iLokX6DFRsHh7DAcOJl, 36GHYH2SgEdhh0xcqtvR7iTvVVHvtddhJBlMOzOufXh3LNZh4C, lWVdZcZruVv4auTFuJEwszZTjams6SNb5LmFuWTn7dQegyTecB, 75565, 1, AAAAA, 2015-11-19 20:08:07.413, null, 2015-11-19 20:08:07.413, 1, null]
In around repository aspect
[EL Fine]: sql: 2015-11-19 14:38:07.936--ClientSession(1638880670)--Connection(1378207123)--Thread(Thread[Test worker,5,main])--SELECT userAccessDomainId, domainDescription, domainHelp, domainIcon, domainName, userAccessDomain, versionId, createdBy, createdDate, updatedBy, updatedDate, activeStatus, txnAccessCode FROM ast_UserAccessDomain_M WHERE ((activeStatus = ?) AND (userAccessDomainId = ?))
	bind => [1, 3CEA3066-6CA7-473D-AF10-6A15D783B804]
Setting logged in user info for UPDATE
In around repository aspect
[EL Fine]: sql: 2015-11-19 14:38:07.941--ClientSession(1615467681)--Connection(1378207123)--Thread(Thread[Test worker,5,main])--SELECT userAccessDomainId, domainDescription, domainHelp, domainIcon, domainName, userAccessDomain, versionId, createdBy, createdDate, updatedBy, updatedDate, activeStatus, txnAccessCode FROM ast_UserAccessDomain_M WHERE (userAccessDomainId = ?)
	bind => [3CEA3066-6CA7-473D-AF10-6A15D783B804]
[EL Fine]: sql: 2015-11-19 14:38:07.943--ClientSession(1615467681)--Connection(1378207123)--Thread(Thread[Test worker,5,main])--UPDATE ast_UserAccessDomain_M SET domainDescription = ?, domainHelp = ?, domainIcon = ?, domainName = ?, userAccessDomain = ?, updatedBy = ?, versionId = ? WHERE ((userAccessDomainId = ?) AND (versionId = ?))
	bind => [bO8hhFJz0EDuAKjq5XR3ZLhqjqytvmM5BKLide9JaO71NTIpfA, DjAW8wsLndo0qvP5lUjEQ1TqEoEPlMQYxawczUr6C94s74e1TT, ppuqfzTQZ6I4dtsVdl4LQPkfLWO5yrNw9vg2ebhN7GtH5IAcGm, ouDF5vPkDaa083tdhu1rffR2uuOxPnZZDUStn7yOq2Kan6QL7B, 14604, AAAAA, 2, 3CEA3066-6CA7-473D-AF10-6A15D783B804, 1]
In around repository aspect
[EL Fine]: sql: 2015-11-19 14:38:08.621--ClientSession(938367094)--Connection(1378207123)--Thread(Thread[Test worker,5,main])--SELECT userAccessDomainId, domainDescription, domainHelp, domainIcon, domainName, userAccessDomain, versionId, createdBy, createdDate, updatedBy, updatedDate, activeStatus, txnAccessCode FROM ast_UserAccessDomain_M WHERE ((activeStatus = ?) AND (userAccessDomainId = ?))
	bind => [1, 3CEA3066-6CA7-473D-AF10-6A15D783B804]
In around repository aspect
[EL Fine]: sql: 2015-11-19 14:38:08.634--ClientSession(1909329438)--Connection(1378207123)--Thread(Thread[Test worker,5,main])--SELECT userAccessDomainId, domainDescription, domainHelp, domainIcon, domainName, userAccessDomain, versionId, createdBy, createdDate, updatedBy, updatedDate, activeStatus, txnAccessCode FROM ast_UserAccessDomain_M WHERE (userAccessDomainId = ?)
	bind => [3CEA3066-6CA7-473D-AF10-6A15D783B804]
[EL Fine]: sql: 2015-11-19 14:38:08.638--ClientSession(1909329438)--Connection(1378207123)--Thread(Thread[Test worker,5,main])--DELETE FROM ast_UserAccessDomain_M WHERE ((userAccessDomainId = ?) AND (versionId = ?))
	bind => [3CEA3066-6CA7-473D-AF10-6A15D783B804, 2]
]]></system-out>
  <system-err><![CDATA[]]></system-err>
</testsuite>
