<?xml version="1.0" encoding="UTF-8"?>
<testsuite name="com.survey.app.server.service.TimezoneTestCase" tests="4" skipped="0" failures="0" errors="0" timestamp="2015-11-19T14:38:16" hostname="944ed2888ca3" time="0.457">
  <properties/>
  <testcase name="test1Save" classname="com.survey.app.server.service.TimezoneTestCase" time="0.222"/>
  <testcase name="test2Update" classname="com.survey.app.server.service.TimezoneTestCase" time="0.101"/>
  <testcase name="test3FindById" classname="com.survey.app.server.service.TimezoneTestCase" time="0.008"/>
  <testcase name="test4Delete" classname="com.survey.app.server.service.TimezoneTestCase" time="0.124"/>
  <system-out><![CDATA[Setting logged in user info for ADD
In around repository aspect
[EL Fine]: sql: 2015-11-19 14:38:16.325--ClientSession(1432344491)--Connection(1378207123)--Thread(Thread[Test worker,5,main])--INSERT INTO ast_Timezone_M (timeZoneId, cities, country, gmtLabel, timeZoneLabel, utcdifference, versionId, createdBy, createdDate, updatedBy, updatedDate, activeStatus, txnAccessCode) VALUES (?, ?, ?, ?, ?, ?, ?, ?, ?, ?, ?, ?, ?)
	bind => [9FF4F394-DF60-4F8D-9DB8-1AE331AC2216, 6X03XTqcp2ujOvpp66TZ5OtOz056GEu8re2jgPmDMTcwM57FAl, FWkSHKzaw4z7zL4jM2LnGEIOgSvZQ8bpp7omsAocb52BUChKwT, ATs33jwsdkGncn714bwu7wT4X7cdn0yWccV4TV2lBiklhp9PqU, dpqDaZ8m8udtraXbR2fQQymRiEEnFmS7vtfpIVaq7z51IHBd75, 5, 1, AAAAA, 2015-11-19 20:08:16.292, null, 2015-11-19 20:08:16.292, 1, null]
In around repository aspect
[EL Fine]: sql: 2015-11-19 14:38:16.51--ClientSession(1451322322)--Connection(1378207123)--Thread(Thread[Test worker,5,main])--SELECT timeZoneId, cities, country, gmtLabel, timeZoneLabel, utcdifference, versionId, createdBy, createdDate, updatedBy, updatedDate, activeStatus, txnAccessCode FROM ast_Timezone_M WHERE ((activeStatus = ?) AND (timeZoneId = ?))
	bind => [1, 9FF4F394-DF60-4F8D-9DB8-1AE331AC2216]
Setting logged in user info for UPDATE
In around repository aspect
[EL Fine]: sql: 2015-11-19 14:38:16.519--ClientSession(1191933008)--Connection(1378207123)--Thread(Thread[Test worker,5,main])--SELECT timeZoneId, cities, country, gmtLabel, timeZoneLabel, utcdifference, versionId, createdBy, createdDate, updatedBy, updatedDate, activeStatus, txnAccessCode FROM ast_Timezone_M WHERE (timeZoneId = ?)
	bind => [9FF4F394-DF60-4F8D-9DB8-1AE331AC2216]
[EL Fine]: sql: 2015-11-19 14:38:16.521--ClientSession(1191933008)--Connection(1378207123)--Thread(Thread[Test worker,5,main])--UPDATE ast_Timezone_M SET cities = ?, country = ?, gmtLabel = ?, timeZoneLabel = ?, updatedBy = ?, versionId = ? WHERE ((timeZoneId = ?) AND (versionId = ?))
	bind => [UhyMezwMwDhbRH6mR9LMULWQ9JLxMkzP0WCDeqeHdJN86MXy4j, jPCPft1RzeqRAQplqcLebdT2WKp79V57i12gC1kTx8L1Ij814o, R3pHc2aWjrfme60OR2cqx9BUNOzOiA6SofsJgraXtda9Li4HOn, YU09KqgLWIsMQjZOZ53wocJPhHR99vyLxpvsyRqpMUn9QY70Vp, AAAAA, 2, 9FF4F394-DF60-4F8D-9DB8-1AE331AC2216, 1]
In around repository aspect
[EL Fine]: sql: 2015-11-19 14:38:16.61--ClientSession(487369453)--Connection(1378207123)--Thread(Thread[Test worker,5,main])--SELECT timeZoneId, cities, country, gmtLabel, timeZoneLabel, utcdifference, versionId, createdBy, createdDate, updatedBy, updatedDate, activeStatus, txnAccessCode FROM ast_Timezone_M WHERE ((activeStatus = ?) AND (timeZoneId = ?))
	bind => [1, 9FF4F394-DF60-4F8D-9DB8-1AE331AC2216]
In around repository aspect
[EL Fine]: sql: 2015-11-19 14:38:16.62--ClientSession(1281670696)--Connection(1378207123)--Thread(Thread[Test worker,5,main])--SELECT timeZoneId, cities, country, gmtLabel, timeZoneLabel, utcdifference, versionId, createdBy, createdDate, updatedBy, updatedDate, activeStatus, txnAccessCode FROM ast_Timezone_M WHERE (timeZoneId = ?)
	bind => [9FF4F394-DF60-4F8D-9DB8-1AE331AC2216]
[EL Fine]: sql: 2015-11-19 14:38:16.622--ClientSession(1281670696)--Connection(1378207123)--Thread(Thread[Test worker,5,main])--DELETE FROM ast_Timezone_M WHERE ((timeZoneId = ?) AND (versionId = ?))
	bind => [9FF4F394-DF60-4F8D-9DB8-1AE331AC2216, 2]
]]></system-out>
  <system-err><![CDATA[]]></system-err>
</testsuite>
