<?xml version="1.0" encoding="UTF-8"?>
<testsuite name="com.survey.app.server.service.GenderTestCase" tests="4" skipped="0" failures="0" errors="0" timestamp="2015-11-19T14:38:49" hostname="944ed2888ca3" time="0.231">
  <properties/>
  <testcase name="test1Save" classname="com.survey.app.server.service.GenderTestCase" time="0.086"/>
  <testcase name="test2Update" classname="com.survey.app.server.service.GenderTestCase" time="0.077"/>
  <testcase name="test3FindById" classname="com.survey.app.server.service.GenderTestCase" time="0.009"/>
  <testcase name="test4Delete" classname="com.survey.app.server.service.GenderTestCase" time="0.058"/>
  <system-out><![CDATA[Setting logged in user info for ADD
In around repository aspect
[EL Fine]: sql: 2015-11-19 14:38:49.899--ClientSession(2064905450)--Connection(1378207123)--Thread(Thread[Test worker,5,main])--INSERT INTO ast_Gender_M (genderId, gender, versionId, createdBy, createdDate, updatedBy, updatedDate, activeStatus, txnAccessCode) VALUES (?, ?, ?, ?, ?, ?, ?, ?, ?)
	bind => [4F35E1EB-3EA4-4777-BA73-5504CD71A2C2, F0aRwP6xBy5hcRljKyYsNAd0G3KZPweF3SdM5dWO9K57HPYgu9, 1, AAAAA, 2015-11-19 20:08:49.893, null, 2015-11-19 20:08:49.893, 1, null]
In around repository aspect
[EL Fine]: sql: 2015-11-19 14:38:49.973--ClientSession(2054038589)--Connection(1378207123)--Thread(Thread[Test worker,5,main])--SELECT genderId, gender, versionId, createdBy, createdDate, updatedBy, updatedDate, activeStatus, txnAccessCode FROM ast_Gender_M WHERE ((activeStatus = ?) AND (genderId = ?))
	bind => [1, 4F35E1EB-3EA4-4777-BA73-5504CD71A2C2]
Setting logged in user info for UPDATE
In around repository aspect
[EL Fine]: sql: 2015-11-19 14:38:49.977--ClientSession(78468899)--Connection(1378207123)--Thread(Thread[Test worker,5,main])--SELECT genderId, gender, versionId, createdBy, createdDate, updatedBy, updatedDate, activeStatus, txnAccessCode FROM ast_Gender_M WHERE (genderId = ?)
	bind => [4F35E1EB-3EA4-4777-BA73-5504CD71A2C2]
[EL Fine]: sql: 2015-11-19 14:38:49.979--ClientSession(78468899)--Connection(1378207123)--Thread(Thread[Test worker,5,main])--UPDATE ast_Gender_M SET gender = ?, updatedBy = ?, versionId = ? WHERE ((genderId = ?) AND (versionId = ?))
	bind => [67YolN135tfv08zgMdT6HsvwMqSegsB9tsyFrYTAjvKoaEy5oK, AAAAA, 2, 4F35E1EB-3EA4-4777-BA73-5504CD71A2C2, 1]
In around repository aspect
[EL Fine]: sql: 2015-11-19 14:38:50.051--ClientSession(500512582)--Connection(1378207123)--Thread(Thread[Test worker,5,main])--SELECT genderId, gender, versionId, createdBy, createdDate, updatedBy, updatedDate, activeStatus, txnAccessCode FROM ast_Gender_M WHERE ((activeStatus = ?) AND (genderId = ?))
	bind => [1, 4F35E1EB-3EA4-4777-BA73-5504CD71A2C2]
In around repository aspect
[EL Fine]: sql: 2015-11-19 14:38:50.06--ClientSession(655603372)--Connection(1378207123)--Thread(Thread[Test worker,5,main])--SELECT genderId, gender, versionId, createdBy, createdDate, updatedBy, updatedDate, activeStatus, txnAccessCode FROM ast_Gender_M WHERE (genderId = ?)
	bind => [4F35E1EB-3EA4-4777-BA73-5504CD71A2C2]
[EL Fine]: sql: 2015-11-19 14:38:50.062--ClientSession(655603372)--Connection(1378207123)--Thread(Thread[Test worker,5,main])--DELETE FROM ast_Gender_M WHERE ((genderId = ?) AND (versionId = ?))
	bind => [4F35E1EB-3EA4-4777-BA73-5504CD71A2C2, 2]
]]></system-out>
  <system-err><![CDATA[]]></system-err>
</testsuite>
