<?xml version="1.0" encoding="UTF-8"?>
<testsuite name="com.survey.app.server.service.ContactTypeTestCase" tests="4" skipped="0" failures="0" errors="0" timestamp="2015-11-19T14:38:49" hostname="944ed2888ca3" time="0.297">
  <properties/>
  <testcase name="test1Save" classname="com.survey.app.server.service.ContactTypeTestCase" time="0.097"/>
  <testcase name="test2Update" classname="com.survey.app.server.service.ContactTypeTestCase" time="0.067"/>
  <testcase name="test3FindById" classname="com.survey.app.server.service.ContactTypeTestCase" time="0.006"/>
  <testcase name="test4Delete" classname="com.survey.app.server.service.ContactTypeTestCase" time="0.127"/>
  <system-out><![CDATA[Setting logged in user info for ADD
In around repository aspect
[EL Fine]: sql: 2015-11-19 14:38:49.631--ClientSession(517372453)--Connection(1378207123)--Thread(Thread[Test worker,5,main])--INSERT INTO ast_ContactType_M (contactTypeId, contactType, contactTypeDesc, contactTypeIcon, versionId, createdBy, createdDate, updatedBy, updatedDate, activeStatus, txnAccessCode) VALUES (?, ?, ?, ?, ?, ?, ?, ?, ?, ?, ?)
	bind => [A2A1AE3A-41B3-40FE-A1F5-DDF8DD3824A4, dEeJhpPQAkPFCxfJJcCGHjngo3t9MM4hgor7qk8YcrOSBQiv9d, X0vtsoDjlLV18UzP99PQFJ4EWTB8AjwwmilHIBH9Z1qIxj2Msl, woMmZqobZPlwdKHFaMnKyOsj0cpTMbNaqOridyLcfcTmkTBzwB, 1, AAAAA, 2015-11-19 20:08:49.594, null, 2015-11-19 20:08:49.594, 1, null]
In around repository aspect
[EL Fine]: sql: 2015-11-19 14:38:49.682--ClientSession(1609863855)--Connection(1378207123)--Thread(Thread[Test worker,5,main])--SELECT contactTypeId, contactType, contactTypeDesc, contactTypeIcon, versionId, createdBy, createdDate, updatedBy, updatedDate, activeStatus, txnAccessCode FROM ast_ContactType_M WHERE ((activeStatus = ?) AND (contactTypeId = ?))
	bind => [1, A2A1AE3A-41B3-40FE-A1F5-DDF8DD3824A4]
Setting logged in user info for UPDATE
In around repository aspect
[EL Fine]: sql: 2015-11-19 14:38:49.685--ClientSession(508502900)--Connection(1378207123)--Thread(Thread[Test worker,5,main])--SELECT contactTypeId, contactType, contactTypeDesc, contactTypeIcon, versionId, createdBy, createdDate, updatedBy, updatedDate, activeStatus, txnAccessCode FROM ast_ContactType_M WHERE (contactTypeId = ?)
	bind => [A2A1AE3A-41B3-40FE-A1F5-DDF8DD3824A4]
[EL Fine]: sql: 2015-11-19 14:38:49.686--ClientSession(508502900)--Connection(1378207123)--Thread(Thread[Test worker,5,main])--UPDATE ast_ContactType_M SET contactType = ?, contactTypeDesc = ?, contactTypeIcon = ?, updatedBy = ?, versionId = ? WHERE ((contactTypeId = ?) AND (versionId = ?))
	bind => [Ns27srIbgxsDn1XGGjXvYauXkMgZY5DvEgYkina1KkUhB0i5ty, sXmL2NXYdBRkuWudfh6tupqzlFiLeVme0p0FnKIRy2WlW4LbpB, l5Dr0WTLG0kYj15K9VMOwiS4IiP573bjBK39tYE7vLxAwKkiS7, AAAAA, 2, A2A1AE3A-41B3-40FE-A1F5-DDF8DD3824A4, 1]
In around repository aspect
[EL Fine]: sql: 2015-11-19 14:38:49.748--ClientSession(1332894063)--Connection(1378207123)--Thread(Thread[Test worker,5,main])--SELECT contactTypeId, contactType, contactTypeDesc, contactTypeIcon, versionId, createdBy, createdDate, updatedBy, updatedDate, activeStatus, txnAccessCode FROM ast_ContactType_M WHERE ((activeStatus = ?) AND (contactTypeId = ?))
	bind => [1, A2A1AE3A-41B3-40FE-A1F5-DDF8DD3824A4]
In around repository aspect
[EL Fine]: sql: 2015-11-19 14:38:49.755--ClientSession(1862798526)--Connection(1378207123)--Thread(Thread[Test worker,5,main])--SELECT contactTypeId, contactType, contactTypeDesc, contactTypeIcon, versionId, createdBy, createdDate, updatedBy, updatedDate, activeStatus, txnAccessCode FROM ast_ContactType_M WHERE (contactTypeId = ?)
	bind => [A2A1AE3A-41B3-40FE-A1F5-DDF8DD3824A4]
[EL Fine]: sql: 2015-11-19 14:38:49.757--ClientSession(1862798526)--Connection(1378207123)--Thread(Thread[Test worker,5,main])--DELETE FROM ast_ContactType_M WHERE ((contactTypeId = ?) AND (versionId = ?))
	bind => [A2A1AE3A-41B3-40FE-A1F5-DDF8DD3824A4, 2]
]]></system-out>
  <system-err><![CDATA[]]></system-err>
</testsuite>
