<?xml version="1.0" encoding="UTF-8"?>
<testsuite name="com.survey.app.server.service.PasswordAlgoTestCase" tests="4" skipped="0" failures="0" errors="0" timestamp="2015-11-19T14:38:50" hostname="944ed2888ca3" time="0.419">
  <properties/>
  <testcase name="test1Save" classname="com.survey.app.server.service.PasswordAlgoTestCase" time="0.23"/>
  <testcase name="test2Update" classname="com.survey.app.server.service.PasswordAlgoTestCase" time="0.111"/>
  <testcase name="test3FindById" classname="com.survey.app.server.service.PasswordAlgoTestCase" time="0.005"/>
  <testcase name="test4Delete" classname="com.survey.app.server.service.PasswordAlgoTestCase" time="0.072"/>
  <system-out><![CDATA[Setting logged in user info for ADD
In around repository aspect
[EL Fine]: sql: 2015-11-19 14:38:50.168--ClientSession(246344354)--Connection(1378207123)--Thread(Thread[Test worker,5,main])--INSERT INTO ast_PasswordAlgo_M (algoId, algoDescription, algoHelp, algoIcon, algoName, algorithm, versionId, createdBy, createdDate, updatedBy, updatedDate, activeStatus, txnAccessCode) VALUES (?, ?, ?, ?, ?, ?, ?, ?, ?, ?, ?, ?, ?)
	bind => [0E15B7C0-6FCD-47D9-A4B0-1BD051DC7870, VTylnFsVXzs5nt781aDD0MmpP6cakdfnYcbkeniPfLo9uOcYqn, g1ddl8Gq4RCRrZmJrIsMtRmiiRjhvm8OuoCDWjBGLv620cxfzp, YUjAfvCp4mYp5LZUeMqMCfVdHYcXzXSZMpakcLi4K5vt1tM4eS, paMV6oqrhCC3Vb3tItXnk9R4BvedoP3T6SDFJGklhvGAMjWWO1, 7, 1, AAAAA, 2015-11-19 20:08:50.128, null, 2015-11-19 20:08:50.128, 1, null]
In around repository aspect
[EL Fine]: sql: 2015-11-19 14:38:50.349--ClientSession(1715204200)--Connection(1378207123)--Thread(Thread[Test worker,5,main])--SELECT algoId, algoDescription, algoHelp, algoIcon, algoName, algorithm, versionId, createdBy, createdDate, updatedBy, updatedDate, activeStatus, txnAccessCode FROM ast_PasswordAlgo_M WHERE ((activeStatus = ?) AND (algoId = ?))
	bind => [1, 0E15B7C0-6FCD-47D9-A4B0-1BD051DC7870]
Setting logged in user info for UPDATE
In around repository aspect
[EL Fine]: sql: 2015-11-19 14:38:50.355--ClientSession(750079188)--Connection(1378207123)--Thread(Thread[Test worker,5,main])--SELECT algoId, algoDescription, algoHelp, algoIcon, algoName, algorithm, versionId, createdBy, createdDate, updatedBy, updatedDate, activeStatus, txnAccessCode FROM ast_PasswordAlgo_M WHERE (algoId = ?)
	bind => [0E15B7C0-6FCD-47D9-A4B0-1BD051DC7870]
[EL Fine]: sql: 2015-11-19 14:38:50.358--ClientSession(750079188)--Connection(1378207123)--Thread(Thread[Test worker,5,main])--UPDATE ast_PasswordAlgo_M SET algoDescription = ?, algoHelp = ?, algoIcon = ?, algoName = ?, algorithm = ?, updatedBy = ?, versionId = ? WHERE ((algoId = ?) AND (versionId = ?))
	bind => [k2ENL60E0idBy3EmVrjCTtM2p4xVOcjCe7tl9pmJTV8lBGkjah, WiqbM3fb9ZmDrpD717S11GjYHYrvtqBvs35DLJaFVKBssjuy95, F4p5EeT52ceEnz2QNJJ9uWZDSh0ArP6OdigY4SDEH5HZM6ZkGd, idThqjAEWOFBylTWbEIHdawdg3uW9uLeyjagsS4GjjsVixqbCZ, 0, AAAAA, 2, 0E15B7C0-6FCD-47D9-A4B0-1BD051DC7870, 1]
In around repository aspect
[EL Fine]: sql: 2015-11-19 14:38:50.46--ClientSession(519745819)--Connection(1378207123)--Thread(Thread[Test worker,5,main])--SELECT algoId, algoDescription, algoHelp, algoIcon, algoName, algorithm, versionId, createdBy, createdDate, updatedBy, updatedDate, activeStatus, txnAccessCode FROM ast_PasswordAlgo_M WHERE ((activeStatus = ?) AND (algoId = ?))
	bind => [1, 0E15B7C0-6FCD-47D9-A4B0-1BD051DC7870]
In around repository aspect
[EL Fine]: sql: 2015-11-19 14:38:50.465--ClientSession(1934139675)--Connection(1378207123)--Thread(Thread[Test worker,5,main])--SELECT algoId, algoDescription, algoHelp, algoIcon, algoName, algorithm, versionId, createdBy, createdDate, updatedBy, updatedDate, activeStatus, txnAccessCode FROM ast_PasswordAlgo_M WHERE (algoId = ?)
	bind => [0E15B7C0-6FCD-47D9-A4B0-1BD051DC7870]
[EL Fine]: sql: 2015-11-19 14:38:50.467--ClientSession(1934139675)--Connection(1378207123)--Thread(Thread[Test worker,5,main])--DELETE FROM ast_PasswordAlgo_M WHERE ((algoId = ?) AND (versionId = ?))
	bind => [0E15B7C0-6FCD-47D9-A4B0-1BD051DC7870, 2]
]]></system-out>
  <system-err><![CDATA[]]></system-err>
</testsuite>
