<?xml version="1.0" encoding="UTF-8"?>
<testsuite name="com.survey.app.server.service.QuestionTestCase" tests="4" skipped="0" failures="0" errors="0" timestamp="2015-11-19T14:38:28" hostname="944ed2888ca3" time="0.341">
  <properties/>
  <testcase name="test1Save" classname="com.survey.app.server.service.QuestionTestCase" time="0.166"/>
  <testcase name="test2Update" classname="com.survey.app.server.service.QuestionTestCase" time="0.088"/>
  <testcase name="test3FindById" classname="com.survey.app.server.service.QuestionTestCase" time="0.005"/>
  <testcase name="test4Delete" classname="com.survey.app.server.service.QuestionTestCase" time="0.081"/>
  <system-out><![CDATA[Setting logged in user info for ADD
In around repository aspect
[EL Fine]: sql: 2015-11-19 14:38:28.816--ClientSession(2024768512)--Connection(1378207123)--Thread(Thread[Test worker,5,main])--INSERT INTO ast_Question_M (questionId, levelid, question, questionDetails, questionIcon, versionId, createdBy, createdDate, updatedBy, updatedDate, activeStatus, txnAccessCode) VALUES (?, ?, ?, ?, ?, ?, ?, ?, ?, ?, ?, ?)
	bind => [E42A2268-1596-4533-AEFA-BE6C12894669, 1, HAp2GIiZt1vGE3V5MxbyL8tTC1XdHJkSkv0tqsbtB3BykWSw7q, utq, K8yfGXctGP87151EcUXYwhPDtThYRk9PgainkTSJh0BvGaRMGA, 1, AAAAA, 2015-11-19 20:08:28.786, null, 2015-11-19 20:08:28.786, 1, null]
In around repository aspect
[EL Fine]: sql: 2015-11-19 14:38:28.945--ClientSession(1409823488)--Connection(1378207123)--Thread(Thread[Test worker,5,main])--SELECT questionId, levelid, question, questionDetails, questionIcon, versionId, createdBy, createdDate, updatedBy, updatedDate, activeStatus, txnAccessCode FROM ast_Question_M WHERE ((activeStatus = ?) AND (questionId = ?))
	bind => [1, E42A2268-1596-4533-AEFA-BE6C12894669]
Setting logged in user info for UPDATE
In around repository aspect
[EL Fine]: sql: 2015-11-19 14:38:28.952--ClientSession(348006686)--Connection(1378207123)--Thread(Thread[Test worker,5,main])--SELECT questionId, levelid, question, questionDetails, questionIcon, versionId, createdBy, createdDate, updatedBy, updatedDate, activeStatus, txnAccessCode FROM ast_Question_M WHERE (questionId = ?)
	bind => [E42A2268-1596-4533-AEFA-BE6C12894669]
[EL Fine]: sql: 2015-11-19 14:38:28.954--ClientSession(348006686)--Connection(1378207123)--Thread(Thread[Test worker,5,main])--UPDATE ast_Question_M SET question = ?, questionDetails = ?, questionIcon = ?, updatedBy = ?, versionId = ? WHERE ((questionId = ?) AND (versionId = ?))
	bind => [nr6sSV77JEKyhOY8mprYKrLXPYysljFDnjzaBw8T8MZout9sAV, nU3, B4mKfoO2WDKp4vjqqdTON5Sq723UEIFIrBdq76uQZbJuKWl79X, AAAAA, 2, E42A2268-1596-4533-AEFA-BE6C12894669, 1]
In around repository aspect
[EL Fine]: sql: 2015-11-19 14:38:29.032--ClientSession(1210449217)--Connection(1378207123)--Thread(Thread[Test worker,5,main])--SELECT questionId, levelid, question, questionDetails, questionIcon, versionId, createdBy, createdDate, updatedBy, updatedDate, activeStatus, txnAccessCode FROM ast_Question_M WHERE ((activeStatus = ?) AND (questionId = ?))
	bind => [1, E42A2268-1596-4533-AEFA-BE6C12894669]
In around repository aspect
[EL Fine]: sql: 2015-11-19 14:38:29.038--ClientSession(253409866)--Connection(1378207123)--Thread(Thread[Test worker,5,main])--SELECT questionId, levelid, question, questionDetails, questionIcon, versionId, createdBy, createdDate, updatedBy, updatedDate, activeStatus, txnAccessCode FROM ast_Question_M WHERE (questionId = ?)
	bind => [E42A2268-1596-4533-AEFA-BE6C12894669]
[EL Fine]: sql: 2015-11-19 14:38:29.04--ClientSession(253409866)--Connection(1378207123)--Thread(Thread[Test worker,5,main])--DELETE FROM ast_Question_M WHERE ((questionId = ?) AND (versionId = ?))
	bind => [E42A2268-1596-4533-AEFA-BE6C12894669, 2]
]]></system-out>
  <system-err><![CDATA[]]></system-err>
</testsuite>
